2026-05-28 23:31:41 | НЕУДАЧА | annna@fgh | Пользователь не найден
2026-05-28 23:32:13 | УСПЕХ | Anna@a.ru | Успешный вход
2026-05-28 23:32:43 | УСПЕХ | Anna@a.ru | Успешный вход
2026-05-28 23:33:05 | УСПЕХ | Anna@a.ru | Успешный вход
2026-05-29 20:03:52 | НЕУДАЧА | admin@detailka.ru | Неверный пароль
2026-05-29 20:03:55 | НЕУДАЧА | admin@detailka.ru | Неверный пароль
2026-05-29 20:05:06 | НЕУДАЧА | admin@detailka.ru | Неверный пароль
2026-05-29 20:05:08 | НЕУДАЧА | admin@detailka.ru | Неверный пароль
2026-05-29 20:06:10 | НЕУДАЧА | admin@detailka.ru | Неверный пароль
2026-05-29 20:06:11 | НЕУДАЧА | admin@detailka.ru | Неверный пароль
2026-05-29 20:06:42 | НЕУДАЧА | admin@detailka.ru | Неверный пароль
2026-05-29 20:06:56 | НЕУДАЧА | admin@detailka.ru | Неверный пароль
2026-05-29 20:06:57 | НЕУДАЧА | admin@detailka.ru | Неверный пароль
2026-05-29 20:09:48 | НЕУДАЧА | admin@detailka.ru | Неверный пароль
2026-05-29 20:12:59 | НЕУДАЧА | admin@detailka.ru | Неверный пароль
2026-05-29 20:13:00 | НЕУДАЧА | admin@detailka.ru | Неверный пароль
2026-05-29 20:14:14 | УСПЕХ | admin@detailka.ru | Успешный вход
2026-05-29 20:23:24 | УСПЕХ | admin@detailka.ru | Успешный вход
2026-05-29 20:29:23 | УСПЕХ | admin@detailka.ru | Успешный вход
2026-05-29 20:30:37 | УСПЕХ | admin@detailka.ru | Успешный вход
2026-05-29 20:31:24 | УСПЕХ | Anna@a.ru | Успешный вход
2026-05-29 20:33:20 | УСПЕХ | admin@detailka.ru | Успешный вход
2026-05-29 20:33:20 | УСПЕХ | admin@detailka.ru | Успешный вход
2026-05-29 20:58:32 | УСПЕХ | admin@detailka.ru | Успешный вход
2026-05-29 20:58:33 | УСПЕХ | admin@detailka.ru | Успешный вход
2026-05-30 17:00:40 | УСПЕХ | admin@detailka.ru | Успешный вход
2026-05-30 17:03:04 | УСПЕХ | IloveKSP@hochu5.ru | Успешный вход
2026-05-30 17:03:04 | УСПЕХ | IloveKSP@hochu5.ru | Успешный вход
2026-05-30 17:03:34 | УСПЕХ | admin@detailka.ru | Успешный вход
2026-05-30 17:03:34 | УСПЕХ | admin@detailka.ru | Успешный вход
2026-05-30 17:23:56 | УСПЕХ | admin@detailka.ru | Успешный вход
2026-05-30 17:23:56 | УСПЕХ | admin@detailka.ru | Успешный вход
2026-05-30 17:30:08 | НЕУДАЧА | dfcg@defrg.ru | Пользователь не найден
2026-05-30 17:30:08 | НЕУДАЧА | dfcg@defrg.ru | Пользователь не найден
2026-05-30 17:31:29 | УСПЕХ | IloveKSP@hochu5.ru | Успешный вход
2026-05-30 17:31:29 | УСПЕХ | IloveKSP@hochu5.ru | Успешный вход
2026-05-30 17:32:09 | УСПЕХ | admin@detailka.ru | Успешный вход
2026-05-30 17:32:09 | УСПЕХ | admin@detailka.ru | Успешный вход
2026-05-30 20:30:53 | status=НЕУДАЧА | email=admin@detailka.ru | message=Неверный пароль
2026-05-30 20:30:53 | status=НЕУДАЧА | email=admin@detailka.ru | message=Неверный пароль
2026-05-30 20:31:31 | status=НЕУДАЧА | email=admin@detailka.ru | message=Неверный пароль
2026-05-30 20:31:31 | status=НЕУДАЧА | email=admin@detailka.ru | message=Неверный пароль
2026-05-30 20:31:32 | status=НЕУДАЧА | email=admin@detailka.ru | message=Неверный пароль
2026-05-30 20:31:32 | status=НЕУДАЧА | email=admin@detailka.ru | message=Неверный пароль
2026-05-30 20:32:41 | status=НЕУДАЧА | email=admin@detailka.ru | message=Неверный пароль
2026-05-30 20:32:41 | status=НЕУДАЧА | email=admin@detailka.ru | message=Неверный пароль
2026-05-30 20:32:42 | status=НЕУДАЧА | email=admin@detailka.ru | message=Неверный пароль
2026-05-30 20:32:42 | status=НЕУДАЧА | email=admin@detailka.ru | message=Неверный пароль
2026-05-30 20:33:02 | status=НЕУДАЧА | email=admin@detailka.ru | message=Неверный пароль
2026-05-30 20:33:03 | status=НЕУДАЧА | email=admin@detailka.ru | message=Неверный пароль
2026-05-30 20:33:03 | status=НЕУДАЧА | email=admin@detailka.ru | message=Неверный пароль
2026-05-30 20:33:04 | status=НЕУДАЧА | email=admin@detailka.ru | message=Неверный пароль
2026-05-30 20:34:39 | status=НЕУДАЧА | email=admin@detailka.ru | message=Неверный пароль
2026-05-30 20:34:39 | status=НЕУДАЧА | email=admin@detailka.ru | message=Неверный пароль
2026-05-30 20:39:15 | status=НЕУДАЧА | email=admin@detailka.ru | message=Неверный пароль
2026-05-30 20:39:15 | status=НЕУДАЧА | email=admin@detailka.ru | message=Неверный пароль
2026-05-30 20:39:16 | status=НЕУДАЧА | email=admin@detailka.ru | message=Неверный пароль
2026-05-30 20:39:16 | status=НЕУДАЧА | email=admin@detailka.ru | message=Неверный пароль
2026-05-30 20:39:54 | status=НЕУДАЧА | email=admin@detailka.ru | message=Неверный пароль
2026-05-30 20:39:54 | status=НЕУДАЧА | email=admin@detailka.ru | message=Неверный пароль
2026-05-30 20:40:13 | status=НЕУДАЧА | email=admin@detailka.ru | message=Неверный пароль
2026-05-30 20:40:13 | status=НЕУДАЧА | email=admin@detailka.ru | message=Неверный пароль
2026-05-30 20:40:44 | status=НЕУДАЧА | email=admin@detailka.ru | message=Неверный пароль
2026-05-30 20:40:44 | status=НЕУДАЧА | email=admin@detailka.ru | message=Неверный пароль
2026-05-30 20:40:51 | status=НЕУДАЧА | email=admin@detailka.ru | message=Неверный пароль
2026-05-30 20:40:51 | status=НЕУДАЧА | email=admin@detailka.ru | message=Неверный пароль
2026-05-30 20:41:27 | status=УСПЕХ | email=admin@detailka.ru | message=Успешный вход
2026-05-30 20:41:27 | status=УСПЕХ | email=admin@detailka.ru | message=Успешный вход
2026-05-30 20:42:05 | status=УСПЕХ | email=admin@detailka.ru | message=Успешный вход
2026-05-30 20:42:05 | status=УСПЕХ | email=admin@detailka.ru | message=Успешный вход
2026-05-30 20:42:37 | status=УСПЕХ | email=admin@detailka.ru | message=Успешный вход
2026-05-30 20:42:37 | status=УСПЕХ | email=admin@detailka.ru | message=Успешный вход
2026-05-30 20:44:32 | status=УСПЕХ | email=admin@detailka.ru | message=Успешный вход
2026-05-30 20:44:33 | status=УСПЕХ | email=admin@detailka.ru | message=Успешный вход
2026-05-30 20:44:53 | status=УСПЕХ | email=admin@detailka.ru | message=Успешный вход
2026-05-30 20:44:53 | status=УСПЕХ | email=admin@detailka.ru | message=Успешный вход
2026-05-30 20:45:57 | status=УСПЕХ | email=admin@detailka.ru | message=Успешный вход
2026-05-30 20:45:57 | status=УСПЕХ | email=admin@detailka.ru | message=Успешный вход
2026-05-30 20:47:55 | status=УСПЕХ | email=IloveKSP@hochu5.ru | message=Успешный вход
2026-05-30 20:47:55 | status=УСПЕХ | email=IloveKSP@hochu5.ru | message=Успешный вход
2026-05-30 20:56:43 | status=УСПЕХ | email=admin@detailka.ru | message=Успешный вход
2026-05-30 20:56:44 | status=УСПЕХ | email=admin@detailka.ru | message=Успешный вход
2026-05-30 21:11:02 | status=УСПЕХ | email=IloveKSP@hochu5.ru | message=Успешный вход
2026-05-30 21:11:03 | status=УСПЕХ | email=IloveKSP@hochu5.ru | message=Успешный вход
2026-05-30 21:11:30 | status=УСПЕХ | email=admin@detailka.ru | message=Успешный вход
2026-05-30 21:11:31 | status=УСПЕХ | email=admin@detailka.ru | message=Успешный вход
2026-05-30 21:15:00 | status=УСПЕХ | email=admin@detailka.ru | message=Успешный вход
2026-05-30 21:15:00 | status=УСПЕХ | email=admin@detailka.ru | message=Успешный вход
2026-05-30 21:16:44 | status=УСПЕХ | email=IloveKSP@hochu5.ru | message=Успешный вход
2026-05-30 21:16:44 | status=УСПЕХ | email=IloveKSP@hochu5.ru | message=Успешный вход
2026-05-30 21:19:17 | status=УСПЕХ | email=pupsik@pups.ru | message=Успешный вход
2026-05-30 21:19:46 | status=УСПЕХ | email=admin@detailka.ru | message=Успешный вход
2026-05-30 21:19:46 | status=УСПЕХ | email=admin@detailka.ru | message=Успешный вход
2026-05-30 21:28:06 | status=УСПЕХ | email=a@a.ru | message=Успешный вход
2026-05-30 21:33:10 | status=УСПЕХ | email=IloveKSP@hochu5.ru | message=Успешный вход
2026-05-30 21:33:10 | status=УСПЕХ | email=IloveKSP@hochu5.ru | message=Успешный вход
2026-05-30 21:37:17 | status=УСПЕХ | email=a@a.ru | message=Успешный вход
2026-05-30 21:37:17 | status=УСПЕХ | email=a@a.ru | message=Успешный вход
2026-05-30 21:37:37 | status=УСПЕХ | email=a@a.ru | message=Успешный вход
2026-05-30 21:37:37 | status=УСПЕХ | email=a@a.ru | message=Успешный вход
2026-05-30 21:39:59 | status=УСПЕХ | email=admin@detailka.ru | message=Успешный вход
2026-05-30 21:39:59 | status=УСПЕХ | email=admin@detailka.ru | message=Успешный вход
2026-05-31 10:55:09 | status=УСПЕХ | email=admin@detailka.ru | message=Успешный вход
2026-05-31 10:55:10 | status=УСПЕХ | email=admin@detailka.ru | message=Успешный вход
2026-05-31 11:08:23 | status=УСПЕХ | email=admin@detailka.ru | message=Успешный вход
2026-05-31 11:08:23 | status=УСПЕХ | email=admin@detailka.ru | message=Успешный вход
2026-05-31 17:51:50 | status=УСПЕХ | email=IloveKSP@hochu5.ru | message=Успешный вход
2026-05-31 17:51:50 | status=УСПЕХ | email=IloveKSP@hochu5.ru | message=Успешный вход
2026-05-31 17:53:09 | status=УСПЕХ | email=admin@detailka.ru | message=Успешный вход
2026-05-31 17:53:10 | status=УСПЕХ | email=admin@detailka.ru | message=Успешный вход
